# JRE version: Java(TM) SE Runtime Environment (17.0.12+8) (build 17.0.12+8-LTS-286)
# Java VM: Java HotSpot(TM) 64-Bit Server VM (17.0.12+8-LTS-286, mixed mode, emulated-client, sharing, tiered, compressed oops, compressed class ptrs, g1 gc, windows-amd64)
GC Precious Log:
 CPUs: 32 total, 32 available
 Memory: 16077M
 Large Page Support: Disabled
 NUMA Support: Disabled
 Compressed Oops: Enabled (Zero based)
 Heap Region Size: 2M
 Heap Min Capacity: 8M
 Heap Initial Capacity: 252M
 Heap Max Capacity: 4020M
 Pre-touch: Disabled
 Parallel Workers: 23
 Concurrent Workers: 6
 Concurrent Refinement Workers: 23
 Periodic GC: Disabled
Heap:
 garbage-first heap   total 141312K, used 100975K [0x0000000704c00000, 0x0000000800000000)
  region size 2048K, 39 young (79872K), 3 survivors (6144K)
 Metaspace       used 65403K, committed 65984K, reserved 1114112K
  class space    used 9764K, committed 10048K, reserved 1048576K
GC Heap History (20 events):
Event: 1.351 GC heap before
{Heap before GC invocations=2 (full 0):
 garbage-first heap   total 258048K, used 58380K [0x0000000704c00000, 0x0000000800000000)
  region size 2048K, 27 young (55296K), 1 survivors (2048K)
 Metaspace       used 21217K, committed 21504K, reserved 1114112K
  class space    used 2939K, committed 3072K, reserved 1048576K
}
Event: 1.357 GC heap after
{Heap after GC invocations=3 (full 0):
 garbage-first heap   total 258048K, used 13001K [0x0000000704c00000, 0x0000000800000000)
  region size 2048K, 3 young (6144K), 3 survivors (6144K)
 Metaspace       used 21217K, committed 21504K, reserved 1114112K
  class space    used 2939K, committed 3072K, reserved 1048576K
}
Event: 1.683 GC heap before
{Heap before GC invocations=4 (full 0):
 garbage-first heap   total 55296K, used 39625K [0x0000000704c00000, 0x0000000800000000)
  region size 2048K, 16 young (32768K), 3 survivors (6144K)
 Metaspace       used 23942K, committed 24384K, reserved 1114112K
  class space    used 3383K, committed 3584K, reserved 1048576K
}
Event: 1.689 GC heap after
{Heap after GC invocations=5 (full 0):
 garbage-first heap   total 55296K, used 15164K [0x0000000704c00000, 0x0000000800000000)
  region size 2048K, 2 young (4096K), 2 survivors (4096K)
 Metaspace       used 23942K, committed 24384K, reserved 1114112K
  class space    used 3383K, committed 3584K, reserved 1048576K
}
Event: 1.736 GC heap before
{Heap before GC invocations=5 (full 0):
 garbage-first heap   total 55296K, used 17212K [0x0000000704c00000, 0x0000000800000000)
  region size 2048K, 3 young (6144K), 2 survivors (4096K)
 Metaspace       used 24281K, committed 24768K, reserved 1114112K
  class space    used 3430K, committed 3648K, reserved 1048576K
}
Event: 1.740 GC heap after
{Heap after GC invocations=6 (full 0):
 garbage-first heap   total 55296K, used 15701K [0x0000000704c00000, 0x0000000800000000)
  region size 2048K, 1 young (2048K), 1 survivors (2048K)
 Metaspace       used 24281K, committed 24768K, reserved 1114112K
  class space    used 3430K, committed 3648K, reserved 1048576K
}
Event: 2.092 GC heap before
{Heap before GC invocations=6 (full 0):
 garbage-first heap   total 55296K, used 34133K [0x0000000704c00000, 0x0000000800000000)
  region size 2048K, 10 young (20480K), 1 survivors (2048K)
 Metaspace       used 26770K, committed 27264K, reserved 1114112K
  class space    used 3811K, committed 4032K, reserved 1048576K
}
Event: 2.097 GC heap after
{Heap after GC invocations=7 (full 0):
 garbage-first heap   total 157696K, used 16594K [0x0000000704c00000, 0x0000000800000000)
  region size 2048K, 1 young (2048K), 1 survivors (2048K)
 Metaspace       used 26770K, committed 27264K, reserved 1114112K
  class space    used 3811K, committed 4032K, reserved 1048576K
}
Event: 2.886 GC heap before
{Heap before GC invocations=7 (full 0):
 garbage-first heap   total 157696K, used 67794K [0x0000000704c00000, 0x0000000800000000)
  region size 2048K, 27 young (55296K), 1 survivors (2048K)
 Metaspace       used 35489K, committed 35968K, reserved 1114112K
  class space    used 5046K, committed 5248K, reserved 1048576K
}
Event: 2.892 GC heap after
{Heap after GC invocations=8 (full 0):
 garbage-first heap   total 157696K, used 20588K [0x0000000704c00000, 0x0000000800000000)
  region size 2048K, 3 young (6144K), 3 survivors (6144K)
 Metaspace       used 35489K, committed 35968K, reserved 1114112K
  class space    used 5046K, committed 5248K, reserved 1048576K
}
Event: 3.714 GC heap before
{Heap before GC invocations=9 (full 0):
 garbage-first heap   total 81920K, used 63596K [0x0000000704c00000, 0x0000000800000000)
  region size 2048K, 24 young (49152K), 3 survivors (6144K)
 Metaspace       used 45702K, committed 46272K, reserved 1114112K
  class space    used 6488K, committed 6784K, reserved 1048576K
}
Event: 3.719 GC heap after
{Heap after GC invocations=10 (full 0):
 garbage-first heap   total 81920K, used 23835K [0x0000000704c00000, 0x0000000800000000)
  region size 2048K, 2 young (4096K), 2 survivors (4096K)
 Metaspace       used 45702K, committed 46272K, reserved 1114112K
  class space    used 6488K, committed 6784K, reserved 1048576K
}
Event: 3.734 GC heap before
{Heap before GC invocations=10 (full 0):
 garbage-first heap   total 81920K, used 25883K [0x0000000704c00000, 0x0000000800000000)
  region size 2048K, 3 young (6144K), 2 survivors (4096K)
 Metaspace       used 45999K, committed 46528K, reserved 1114112K
  class space    used 6508K, committed 6784K, reserved 1048576K
}
Event: 3.737 GC heap after
{Heap after GC invocations=11 (full 0):
 garbage-first heap   total 81920K, used 23995K [0x0000000704c00000, 0x0000000800000000)
  region size 2048K, 1 young (2048K), 1 survivors (2048K)
 Metaspace       used 45999K, committed 46528K, reserved 1114112K
  class space    used 6508K, committed 6784K, reserved 1048576K
}
Event: 4.401 GC heap before
{Heap before GC invocations=11 (full 0):
 garbage-first heap   total 81920K, used 56763K [0x0000000704c00000, 0x0000000800000000)
  region size 2048K, 18 young (36864K), 1 survivors (2048K)
 Metaspace       used 54623K, committed 55168K, reserved 1114112K
  class space    used 7873K, committed 8128K, reserved 1048576K
}
Event: 4.402 GC heap after
{Heap after GC invocations=12 (full 0):
 garbage-first heap   total 81920K, used 24921K [0x0000000704c00000, 0x0000000800000000)
  region size 2048K, 1 young (2048K), 1 survivors (2048K)
 Metaspace       used 54623K, committed 55168K, reserved 1114112K
  class space    used 7873K, committed 8128K, reserved 1048576K
}
Event: 4.735 GC heap before
{Heap before GC invocations=12 (full 0):
 garbage-first heap   total 81920K, used 51545K [0x0000000704c00000, 0x0000000800000000)
  region size 2048K, 15 young (30720K), 1 survivors (2048K)
 Metaspace       used 59538K, committed 60096K, reserved 1114112K
  class space    used 8556K, committed 8832K, reserved 1048576K
}
Event: 4.738 GC heap after
{Heap after GC invocations=13 (full 0):
 garbage-first heap   total 81920K, used 26982K [0x0000000704c00000, 0x0000000800000000)
  region size 2048K, 2 young (4096K), 2 survivors (4096K)
 Metaspace       used 59538K, committed 60096K, reserved 1114112K
  class space    used 8556K, committed 8832K, reserved 1048576K
}
Event: 4.981 GC heap before
{Heap before GC invocations=14 (full 0):
 garbage-first heap   total 81920K, used 59750K [0x0000000704c00000, 0x0000000800000000)
  region size 2048K, 19 young (38912K), 2 survivors (4096K)
 Metaspace       used 62445K, committed 63040K, reserved 1114112K
  class space    used 9316K, committed 9600K, reserved 1048576K
}
Event: 4.985 GC heap after
{Heap after GC invocations=15 (full 0):
 garbage-first heap   total 141312K, used 29295K [0x0000000704c00000, 0x0000000800000000)
  region size 2048K, 3 young (6144K), 3 survivors (6144K)
 Metaspace       used 62445K, committed 63040K, reserved 1114112K
  class space    used 9316K, committed 9600K, reserved 1048576K
}

