# JRE version: Java(TM) SE Runtime Environment (17.0.12+8) (build 17.0.12+8-LTS-286)
# Java VM: Java HotSpot(TM) 64-Bit Server VM (17.0.12+8-LTS-286, mixed mode, emulated-client, sharing, tiered, compressed oops, compressed class ptrs, g1 gc, windows-amd64)
GC Precious Log:
 CPUs: 32 total, 32 available
 Memory: 16077M
 Large Page Support: Disabled
 NUMA Support: Disabled
 Compressed Oops: Enabled (Zero based)
 Heap Region Size: 2M
 Heap Min Capacity: 8M
 Heap Initial Capacity: 252M
 Heap Max Capacity: 4020M
 Pre-touch: Disabled
 Parallel Workers: 23
 Concurrent Workers: 6
 Concurrent Refinement Workers: 23
 Periodic GC: Disabled
Heap:
 garbage-first heap   total 122880K, used 38935K [0x0000000704c00000, 0x0000000800000000)
  region size 2048K, 8 young (16384K), 3 survivors (6144K)
 Metaspace       used 65395K, committed 65984K, reserved 1114112K
  class space    used 9766K, committed 10048K, reserved 1048576K
GC Heap History (20 events):
Event: 1.445 GC heap before
{Heap before GC invocations=5 (full 0):
 garbage-first heap   total 55296K, used 17548K [0x0000000704c00000, 0x0000000800000000)
  region size 2048K, 5 young (10240K), 4 survivors (8192K)
 Metaspace       used 24279K, committed 24704K, reserved 1114112K
  class space    used 3431K, committed 3648K, reserved 1048576K
}
Event: 1.450 GC heap after
{Heap after GC invocations=6 (full 0):
 garbage-first heap   total 55296K, used 16315K [0x0000000704c00000, 0x0000000800000000)
  region size 2048K, 1 young (2048K), 1 survivors (2048K)
 Metaspace       used 24279K, committed 24704K, reserved 1114112K
  class space    used 3431K, committed 3648K, reserved 1048576K
}
Event: 1.682 GC heap before
{Heap before GC invocations=6 (full 0):
 garbage-first heap   total 55296K, used 34747K [0x0000000704c00000, 0x0000000800000000)
  region size 2048K, 10 young (20480K), 1 survivors (2048K)
 Metaspace       used 26738K, committed 27072K, reserved 1114112K
  class space    used 3804K, committed 3968K, reserved 1048576K
}
Event: 1.685 GC heap after
{Heap after GC invocations=7 (full 0):
 garbage-first heap   total 55296K, used 16577K [0x0000000704c00000, 0x0000000800000000)
  region size 2048K, 1 young (2048K), 1 survivors (2048K)
 Metaspace       used 26738K, committed 27072K, reserved 1114112K
  class space    used 3804K, committed 3968K, reserved 1048576K
}
Event: 1.936 GC heap before
{Heap before GC invocations=7 (full 0):
 garbage-first heap   total 55296K, used 37057K [0x0000000704c00000, 0x0000000800000000)
  region size 2048K, 11 young (22528K), 1 survivors (2048K)
 Metaspace       used 29829K, committed 30272K, reserved 1114112K
  class space    used 4314K, committed 4544K, reserved 1048576K
}
Event: 1.941 GC heap after
{Heap after GC invocations=8 (full 0):
 garbage-first heap   total 157696K, used 18510K [0x0000000704c00000, 0x0000000800000000)
  region size 2048K, 2 young (4096K), 2 survivors (4096K)
 Metaspace       used 29829K, committed 30272K, reserved 1114112K
  class space    used 4314K, committed 4544K, reserved 1048576K
}
Event: 2.352 GC heap before
{Heap before GC invocations=8 (full 0):
 garbage-first heap   total 157696K, used 49230K [0x0000000704c00000, 0x0000000800000000)
  region size 2048K, 18 young (36864K), 2 survivors (4096K)
 Metaspace       used 35699K, committed 36160K, reserved 1114112K
  class space    used 5091K, committed 5312K, reserved 1048576K
}
Event: 2.356 GC heap after
{Heap after GC invocations=9 (full 0):
 garbage-first heap   total 157696K, used 20529K [0x0000000704c00000, 0x0000000800000000)
  region size 2048K, 3 young (6144K), 3 survivors (6144K)
 Metaspace       used 35699K, committed 36160K, reserved 1114112K
  class space    used 5091K, committed 5312K, reserved 1048576K
}
Event: 2.957 GC heap before
{Heap before GC invocations=10 (full 0):
 garbage-first heap   total 81920K, used 63537K [0x0000000704c00000, 0x0000000800000000)
  region size 2048K, 24 young (49152K), 3 survivors (6144K)
 Metaspace       used 45990K, committed 46528K, reserved 1114112K
  class space    used 6505K, committed 6784K, reserved 1048576K
}
Event: 2.963 GC heap after
{Heap after GC invocations=11 (full 0):
 garbage-first heap   total 81920K, used 23827K [0x0000000704c00000, 0x0000000800000000)
  region size 2048K, 3 young (6144K), 3 survivors (6144K)
 Metaspace       used 45990K, committed 46528K, reserved 1114112K
  class space    used 6505K, committed 6784K, reserved 1048576K
}
Event: 2.993 GC heap before
{Heap before GC invocations=11 (full 0):
 garbage-first heap   total 81920K, used 23827K [0x0000000704c00000, 0x0000000800000000)
  region size 2048K, 4 young (8192K), 3 survivors (6144K)
 Metaspace       used 46463K, committed 46976K, reserved 1114112K
  class space    used 6573K, committed 6848K, reserved 1048576K
}
Event: 2.996 GC heap after
{Heap after GC invocations=12 (full 0):
 garbage-first heap   total 81920K, used 24395K [0x0000000704c00000, 0x0000000800000000)
  region size 2048K, 1 young (2048K), 1 survivors (2048K)
 Metaspace       used 46463K, committed 46976K, reserved 1114112K
  class space    used 6573K, committed 6848K, reserved 1048576K
}
Event: 3.506 GC heap before
{Heap before GC invocations=12 (full 0):
 garbage-first heap   total 81920K, used 61259K [0x0000000704c00000, 0x0000000800000000)
  region size 2048K, 19 young (38912K), 1 survivors (2048K)
 Metaspace       used 55487K, committed 56128K, reserved 1114112K
  class space    used 8010K, committed 8320K, reserved 1048576K
}
Event: 3.509 GC heap after
{Heap after GC invocations=13 (full 0):
 garbage-first heap   total 81920K, used 25337K [0x0000000704c00000, 0x0000000800000000)
  region size 2048K, 1 young (2048K), 1 survivors (2048K)
 Metaspace       used 55487K, committed 56128K, reserved 1114112K
  class space    used 8010K, committed 8320K, reserved 1048576K
}
Event: 3.818 GC heap before
{Heap before GC invocations=13 (full 0):
 garbage-first heap   total 81920K, used 49913K [0x0000000704c00000, 0x0000000800000000)
  region size 2048K, 14 young (28672K), 1 survivors (2048K)
 Metaspace       used 60047K, committed 60608K, reserved 1114112K
  class space    used 8642K, committed 8896K, reserved 1048576K
}
Event: 3.821 GC heap after
{Heap after GC invocations=14 (full 0):
 garbage-first heap   total 81920K, used 27337K [0x0000000704c00000, 0x0000000800000000)
  region size 2048K, 2 young (4096K), 2 survivors (4096K)
 Metaspace       used 60047K, committed 60608K, reserved 1114112K
  class space    used 8642K, committed 8896K, reserved 1048576K
}
Event: 4.062 GC heap before
{Heap before GC invocations=15 (full 0):
 garbage-first heap   total 81920K, used 60105K [0x0000000704c00000, 0x0000000800000000)
  region size 2048K, 19 young (38912K), 2 survivors (4096K)
 Metaspace       used 63206K, committed 63808K, reserved 1114112K
  class space    used 9444K, committed 9728K, reserved 1048576K
}
Event: 4.066 GC heap after
{Heap after GC invocations=16 (full 0):
 garbage-first heap   total 122880K, used 29695K [0x0000000704c00000, 0x0000000800000000)
  region size 2048K, 3 young (6144K), 3 survivors (6144K)
 Metaspace       used 63206K, committed 63808K, reserved 1114112K
  class space    used 9444K, committed 9728K, reserved 1048576K
}
Event: 4.255 GC heap before
{Heap before GC invocations=16 (full 0):
 garbage-first heap   total 122880K, used 93183K [0x0000000704c00000, 0x0000000800000000)
  region size 2048K, 34 young (69632K), 3 survivors (6144K)
 Metaspace       used 64947K, committed 65536K, reserved 1114112K
  class space    used 9698K, committed 9984K, reserved 1048576K
}
Event: 4.259 GC heap after
{Heap after GC invocations=17 (full 0):
 garbage-first heap   total 122880K, used 30743K [0x0000000704c00000, 0x0000000800000000)
  region size 2048K, 3 young (6144K), 3 survivors (6144K)
 Metaspace       used 64947K, committed 65536K, reserved 1114112K
  class space    used 9698K, committed 9984K, reserved 1048576K
}

