# JRE version: Java(TM) SE Runtime Environment (17.0.12+8) (build 17.0.12+8-LTS-286)
# Java VM: Java HotSpot(TM) 64-Bit Server VM (17.0.12+8-LTS-286, mixed mode, emulated-client, sharing, tiered, compressed oops, compressed class ptrs, g1 gc, windows-amd64)
GC Precious Log:
 CPUs: 32 total, 32 available
 Memory: 16077M
 Large Page Support: Disabled
 NUMA Support: Disabled
 Compressed Oops: Enabled (Zero based)
 Heap Region Size: 2M
 Heap Min Capacity: 8M
 Heap Initial Capacity: 252M
 Heap Max Capacity: 4020M
 Pre-touch: Disabled
 Parallel Workers: 23
 Concurrent Workers: 6
 Concurrent Refinement Workers: 23
 Periodic GC: Disabled
Heap:
 garbage-first heap   total 116736K, used 69344K [0x0000000704c00000, 0x0000000800000000)
  region size 2048K, 22 young (45056K), 2 survivors (4096K)
 Metaspace       used 65395K, committed 65984K, reserved 1114112K
  class space    used 9763K, committed 10048K, reserved 1048576K
GC Heap History (20 events):
Event: 2.023 GC heap before
{Heap before GC invocations=6 (full 0):
 garbage-first heap   total 55296K, used 34349K [0x0000000704c00000, 0x0000000800000000)
  region size 2048K, 10 young (20480K), 1 survivors (2048K)
 Metaspace       used 26592K, committed 27008K, reserved 1114112K
  class space    used 3782K, committed 3968K, reserved 1048576K
}
Event: 2.026 GC heap after
{Heap after GC invocations=7 (full 0):
 garbage-first heap   total 55296K, used 16184K [0x0000000704c00000, 0x0000000800000000)
  region size 2048K, 1 young (2048K), 1 survivors (2048K)
 Metaspace       used 26592K, committed 27008K, reserved 1114112K
  class space    used 3782K, committed 3968K, reserved 1048576K
}
Event: 2.361 GC heap before
{Heap before GC invocations=7 (full 0):
 garbage-first heap   total 55296K, used 36664K [0x0000000704c00000, 0x0000000800000000)
  region size 2048K, 11 young (22528K), 1 survivors (2048K)
 Metaspace       used 29796K, committed 30272K, reserved 1114112K
  class space    used 4309K, committed 4544K, reserved 1048576K
}
Event: 2.367 GC heap after
{Heap after GC invocations=8 (full 0):
 garbage-first heap   total 55296K, used 18023K [0x0000000704c00000, 0x0000000800000000)
  region size 2048K, 2 young (4096K), 2 survivors (4096K)
 Metaspace       used 29796K, committed 30272K, reserved 1114112K
  class space    used 4309K, committed 4544K, reserved 1048576K
}
Event: 2.695 GC heap before
{Heap before GC invocations=8 (full 0):
 garbage-first heap   total 55296K, used 36455K [0x0000000704c00000, 0x0000000800000000)
  region size 2048K, 11 young (22528K), 2 survivors (4096K)
 Metaspace       used 32536K, committed 33024K, reserved 1114112K
  class space    used 4648K, committed 4864K, reserved 1048576K
}
Event: 2.698 GC heap after
{Heap after GC invocations=9 (full 0):
 garbage-first heap   total 157696K, used 19753K [0x0000000704c00000, 0x0000000800000000)
  region size 2048K, 1 young (2048K), 1 survivors (2048K)
 Metaspace       used 32536K, committed 33024K, reserved 1114112K
  class space    used 4648K, committed 4864K, reserved 1048576K
}
Event: 2.903 GC heap before
{Heap before GC invocations=9 (full 0):
 garbage-first heap   total 157696K, used 32041K [0x0000000704c00000, 0x0000000800000000)
  region size 2048K, 8 young (16384K), 1 survivors (2048K)
 Metaspace       used 35483K, committed 35968K, reserved 1114112K
  class space    used 5047K, committed 5312K, reserved 1048576K
}
Event: 2.906 GC heap after
{Heap after GC invocations=10 (full 0):
 garbage-first heap   total 157696K, used 20284K [0x0000000704c00000, 0x0000000800000000)
  region size 2048K, 2 young (4096K), 2 survivors (4096K)
 Metaspace       used 35483K, committed 35968K, reserved 1114112K
  class space    used 5047K, committed 5312K, reserved 1048576K
}
Event: 3.716 GC heap before
{Heap before GC invocations=11 (full 0):
 garbage-first heap   total 81920K, used 65340K [0x0000000704c00000, 0x0000000800000000)
  region size 2048K, 24 young (49152K), 2 survivors (4096K)
 Metaspace       used 46242K, committed 46720K, reserved 1114112K
  class space    used 6551K, committed 6784K, reserved 1048576K
}
Event: 3.720 GC heap after
{Heap after GC invocations=12 (full 0):
 garbage-first heap   total 81920K, used 23505K [0x0000000704c00000, 0x0000000800000000)
  region size 2048K, 3 young (6144K), 3 survivors (6144K)
 Metaspace       used 46242K, committed 46720K, reserved 1114112K
  class space    used 6551K, committed 6784K, reserved 1048576K
}
Event: 3.755 GC heap before
{Heap before GC invocations=12 (full 0):
 garbage-first heap   total 81920K, used 25553K [0x0000000704c00000, 0x0000000800000000)
  region size 2048K, 4 young (8192K), 3 survivors (6144K)
 Metaspace       used 46723K, committed 47296K, reserved 1114112K
  class space    used 6614K, committed 6848K, reserved 1048576K
}
Event: 3.759 GC heap after
{Heap after GC invocations=13 (full 0):
 garbage-first heap   total 81920K, used 24086K [0x0000000704c00000, 0x0000000800000000)
  region size 2048K, 1 young (2048K), 1 survivors (2048K)
 Metaspace       used 46723K, committed 47296K, reserved 1114112K
  class space    used 6614K, committed 6848K, reserved 1048576K
}
Event: 4.401 GC heap before
{Heap before GC invocations=13 (full 0):
 garbage-first heap   total 81920K, used 58902K [0x0000000704c00000, 0x0000000800000000)
  region size 2048K, 19 young (38912K), 1 survivors (2048K)
 Metaspace       used 55899K, committed 56448K, reserved 1114112K
  class space    used 8074K, committed 8320K, reserved 1048576K
}
Event: 4.404 GC heap after
{Heap after GC invocations=14 (full 0):
 garbage-first heap   total 81920K, used 24937K [0x0000000704c00000, 0x0000000800000000)
  region size 2048K, 1 young (2048K), 1 survivors (2048K)
 Metaspace       used 55899K, committed 56448K, reserved 1114112K
  class space    used 8074K, committed 8320K, reserved 1048576K
}
Event: 4.725 GC heap before
{Heap before GC invocations=14 (full 0):
 garbage-first heap   total 81920K, used 45417K [0x0000000704c00000, 0x0000000800000000)
  region size 2048K, 12 young (24576K), 1 survivors (2048K)
 Metaspace       used 59519K, committed 60096K, reserved 1114112K
  class space    used 8545K, committed 8768K, reserved 1048576K
}
Event: 4.728 GC heap after
{Heap after GC invocations=15 (full 0):
 garbage-first heap   total 81920K, used 26679K [0x0000000704c00000, 0x0000000800000000)
  region size 2048K, 2 young (4096K), 2 survivors (4096K)
 Metaspace       used 59519K, committed 60096K, reserved 1114112K
  class space    used 8545K, committed 8768K, reserved 1048576K
}
Event: 5.045 GC heap before
{Heap before GC invocations=16 (full 0):
 garbage-first heap   total 81920K, used 63543K [0x0000000704c00000, 0x0000000800000000)
  region size 2048K, 20 young (40960K), 2 survivors (4096K)
 Metaspace       used 63186K, committed 63808K, reserved 1114112K
  class space    used 9436K, committed 9728K, reserved 1048576K
}
Event: 5.049 GC heap after
{Heap after GC invocations=17 (full 0):
 garbage-first heap   total 81920K, used 29464K [0x0000000704c00000, 0x0000000800000000)
  region size 2048K, 3 young (6144K), 3 survivors (6144K)
 Metaspace       used 63186K, committed 63808K, reserved 1114112K
  class space    used 9436K, committed 9728K, reserved 1048576K
}
Event: 5.214 GC heap before
{Heap before GC invocations=17 (full 0):
 garbage-first heap   total 81920K, used 60184K [0x0000000704c00000, 0x0000000800000000)
  region size 2048K, 19 young (38912K), 3 survivors (6144K)
 Metaspace       used 64877K, committed 65472K, reserved 1114112K
  class space    used 9686K, committed 9984K, reserved 1048576K
}
Event: 5.217 GC heap after
{Heap after GC invocations=18 (full 0):
 garbage-first heap   total 116736K, used 30432K [0x0000000704c00000, 0x0000000800000000)
  region size 2048K, 2 young (4096K), 2 survivors (4096K)
 Metaspace       used 64877K, committed 65472K, reserved 1114112K
  class space    used 9686K, committed 9984K, reserved 1048576K
}

