# JRE version: Java(TM) SE Runtime Environment (17.0.12+8) (build 17.0.12+8-LTS-286)
# Java VM: Java HotSpot(TM) 64-Bit Server VM (17.0.12+8-LTS-286, mixed mode, emulated-client, sharing, tiered, compressed oops, compressed class ptrs, g1 gc, windows-amd64)
GC Precious Log:
 CPUs: 32 total, 32 available
 Memory: 16077M
 Large Page Support: Disabled
 NUMA Support: Disabled
 Compressed Oops: Enabled (Zero based)
 Heap Region Size: 2M
 Heap Min Capacity: 8M
 Heap Initial Capacity: 252M
 Heap Max Capacity: 4020M
 Pre-touch: Disabled
 Parallel Workers: 23
 Concurrent Workers: 6
 Concurrent Refinement Workers: 23
 Periodic GC: Disabled
Heap:
 garbage-first heap   total 122880K, used 40917K [0x0000000704c00000, 0x0000000800000000)
  region size 2048K, 9 young (18432K), 3 survivors (6144K)
 Metaspace       used 65392K, committed 65984K, reserved 1114112K
  class space    used 9759K, committed 10048K, reserved 1048576K
GC Heap History (20 events):
Event: 1.664 GC heap before
{Heap before GC invocations=5 (full 0):
 garbage-first heap   total 55296K, used 17018K [0x0000000704c00000, 0x0000000800000000)
  region size 2048K, 5 young (10240K), 4 survivors (8192K)
 Metaspace       used 24012K, committed 24448K, reserved 1114112K
  class space    used 3395K, committed 3584K, reserved 1048576K
}
Event: 1.671 GC heap after
{Heap after GC invocations=6 (full 0):
 garbage-first heap   total 55296K, used 15778K [0x0000000704c00000, 0x0000000800000000)
  region size 2048K, 1 young (2048K), 1 survivors (2048K)
 Metaspace       used 24012K, committed 24448K, reserved 1114112K
  class space    used 3395K, committed 3584K, reserved 1048576K
}
Event: 2.013 GC heap before
{Heap before GC invocations=6 (full 0):
 garbage-first heap   total 55296K, used 34210K [0x0000000704c00000, 0x0000000800000000)
  region size 2048K, 10 young (20480K), 1 survivors (2048K)
 Metaspace       used 26428K, committed 26880K, reserved 1114112K
  class space    used 3757K, committed 3968K, reserved 1048576K
}
Event: 2.017 GC heap after
{Heap after GC invocations=7 (full 0):
 garbage-first heap   total 55296K, used 16051K [0x0000000704c00000, 0x0000000800000000)
  region size 2048K, 1 young (2048K), 1 survivors (2048K)
 Metaspace       used 26428K, committed 26880K, reserved 1114112K
  class space    used 3757K, committed 3968K, reserved 1048576K
}
Event: 2.345 GC heap before
{Heap before GC invocations=7 (full 0):
 garbage-first heap   total 55296K, used 34483K [0x0000000704c00000, 0x0000000800000000)
  region size 2048K, 10 young (20480K), 1 survivors (2048K)
 Metaspace       used 29371K, committed 29824K, reserved 1114112K
  class space    used 4201K, committed 4416K, reserved 1048576K
}
Event: 2.351 GC heap after
{Heap after GC invocations=8 (full 0):
 garbage-first heap   total 157696K, used 17700K [0x0000000704c00000, 0x0000000800000000)
  region size 2048K, 2 young (4096K), 2 survivors (4096K)
 Metaspace       used 29371K, committed 29824K, reserved 1114112K
  class space    used 4201K, committed 4416K, reserved 1048576K
}
Event: 2.945 GC heap before
{Heap before GC invocations=8 (full 0):
 garbage-first heap   total 157696K, used 52516K [0x0000000704c00000, 0x0000000800000000)
  region size 2048K, 20 young (40960K), 2 survivors (4096K)
 Metaspace       used 35479K, committed 35968K, reserved 1114112K
  class space    used 5047K, committed 5312K, reserved 1048576K
}
Event: 2.950 GC heap after
{Heap after GC invocations=9 (full 0):
 garbage-first heap   total 157696K, used 20202K [0x0000000704c00000, 0x0000000800000000)
  region size 2048K, 3 young (6144K), 3 survivors (6144K)
 Metaspace       used 35479K, committed 35968K, reserved 1114112K
  class space    used 5047K, committed 5312K, reserved 1048576K
}
Event: 3.770 GC heap before
{Heap before GC invocations=10 (full 0):
 garbage-first heap   total 81920K, used 63210K [0x0000000704c00000, 0x0000000800000000)
  region size 2048K, 24 young (49152K), 3 survivors (6144K)
 Metaspace       used 45703K, committed 46272K, reserved 1114112K
  class space    used 6487K, committed 6784K, reserved 1048576K
}
Event: 3.775 GC heap after
{Heap after GC invocations=11 (full 0):
 garbage-first heap   total 81920K, used 23363K [0x0000000704c00000, 0x0000000800000000)
  region size 2048K, 3 young (6144K), 3 survivors (6144K)
 Metaspace       used 45703K, committed 46272K, reserved 1114112K
  class space    used 6487K, committed 6784K, reserved 1048576K
}
Event: 3.806 GC heap before
{Heap before GC invocations=11 (full 0):
 garbage-first heap   total 81920K, used 25411K [0x0000000704c00000, 0x0000000800000000)
  region size 2048K, 4 young (8192K), 3 survivors (6144K)
 Metaspace       used 46165K, committed 46720K, reserved 1114112K
  class space    used 6530K, committed 6848K, reserved 1048576K
}
Event: 3.810 GC heap after
{Heap after GC invocations=12 (full 0):
 garbage-first heap   total 81920K, used 24337K [0x0000000704c00000, 0x0000000800000000)
  region size 2048K, 1 young (2048K), 1 survivors (2048K)
 Metaspace       used 46165K, committed 46720K, reserved 1114112K
  class space    used 6530K, committed 6848K, reserved 1048576K
}
Event: 4.471 GC heap before
{Heap before GC invocations=12 (full 0):
 garbage-first heap   total 81920K, used 61201K [0x0000000704c00000, 0x0000000800000000)
  region size 2048K, 19 young (38912K), 1 survivors (2048K)
 Metaspace       used 55128K, committed 55744K, reserved 1114112K
  class space    used 7952K, committed 8256K, reserved 1048576K
}
Event: 4.473 GC heap after
{Heap after GC invocations=13 (full 0):
 garbage-first heap   total 81920K, used 24922K [0x0000000704c00000, 0x0000000800000000)
  region size 2048K, 1 young (2048K), 1 survivors (2048K)
 Metaspace       used 55128K, committed 55744K, reserved 1114112K
  class space    used 7952K, committed 8256K, reserved 1048576K
}
Event: 4.862 GC heap before
{Heap before GC invocations=13 (full 0):
 garbage-first heap   total 81920K, used 49498K [0x0000000704c00000, 0x0000000800000000)
  region size 2048K, 14 young (28672K), 1 survivors (2048K)
 Metaspace       used 59505K, committed 60096K, reserved 1114112K
  class space    used 8540K, committed 8832K, reserved 1048576K
}
Event: 4.865 GC heap after
{Heap after GC invocations=14 (full 0):
 garbage-first heap   total 81920K, used 26899K [0x0000000704c00000, 0x0000000800000000)
  region size 2048K, 2 young (4096K), 2 survivors (4096K)
 Metaspace       used 59505K, committed 60096K, reserved 1114112K
  class space    used 8540K, committed 8832K, reserved 1048576K
}
Event: 5.205 GC heap before
{Heap before GC invocations=15 (full 0):
 garbage-first heap   total 81920K, used 61715K [0x0000000704c00000, 0x0000000800000000)
  region size 2048K, 19 young (38912K), 2 survivors (4096K)
 Metaspace       used 63199K, committed 63808K, reserved 1114112K
  class space    used 9434K, committed 9728K, reserved 1048576K
}
Event: 5.209 GC heap after
{Heap after GC invocations=16 (full 0):
 garbage-first heap   total 122880K, used 29388K [0x0000000704c00000, 0x0000000800000000)
  region size 2048K, 3 young (6144K), 3 survivors (6144K)
 Metaspace       used 63199K, committed 63808K, reserved 1114112K
  class space    used 9434K, committed 9728K, reserved 1048576K
}
Event: 5.455 GC heap before
{Heap before GC invocations=16 (full 0):
 garbage-first heap   total 122880K, used 92876K [0x0000000704c00000, 0x0000000800000000)
  region size 2048K, 34 young (69632K), 3 survivors (6144K)
 Metaspace       used 64957K, committed 65536K, reserved 1114112K
  class space    used 9695K, committed 9984K, reserved 1048576K
}
Event: 5.458 GC heap after
{Heap after GC invocations=17 (full 0):
 garbage-first heap   total 122880K, used 30677K [0x0000000704c00000, 0x0000000800000000)
  region size 2048K, 3 young (6144K), 3 survivors (6144K)
 Metaspace       used 64957K, committed 65536K, reserved 1114112K
  class space    used 9695K, committed 9984K, reserved 1048576K
}

