# JRE version: Java(TM) SE Runtime Environment (17.0.12+8) (build 17.0.12+8-LTS-286)
# Java VM: Java HotSpot(TM) 64-Bit Server VM (17.0.12+8-LTS-286, mixed mode, emulated-client, sharing, tiered, compressed oops, compressed class ptrs, g1 gc, windows-amd64)
GC Precious Log:
 CPUs: 32 total, 32 available
 Memory: 16077M
 Large Page Support: Disabled
 NUMA Support: Disabled
 Compressed Oops: Enabled (Zero based)
 Heap Region Size: 2M
 Heap Min Capacity: 8M
 Heap Initial Capacity: 252M
 Heap Max Capacity: 4020M
 Pre-touch: Disabled
 Parallel Workers: 23
 Concurrent Workers: 6
 Concurrent Refinement Workers: 23
 Periodic GC: Disabled
Heap:
 garbage-first heap   total 120832K, used 38352K [0x0000000704c00000, 0x0000000800000000)
  region size 2048K, 8 young (16384K), 3 survivors (6144K)
 Metaspace       used 65394K, committed 65984K, reserved 1114112K
  class space    used 9769K, committed 10048K, reserved 1048576K
GC Heap History (20 events):
Event: 1.387 GC heap before
{Heap before GC invocations=5 (full 0):
 garbage-first heap   total 55296K, used 14898K [0x0000000704c00000, 0x0000000800000000)
  region size 2048K, 5 young (10240K), 4 survivors (8192K)
 Metaspace       used 24365K, committed 24768K, reserved 1114112K
  class space    used 3444K, committed 3648K, reserved 1048576K
}
Event: 1.393 GC heap after
{Heap after GC invocations=6 (full 0):
 garbage-first heap   total 55296K, used 15869K [0x0000000704c00000, 0x0000000800000000)
  region size 2048K, 1 young (2048K), 1 survivors (2048K)
 Metaspace       used 24365K, committed 24768K, reserved 1114112K
  class space    used 3444K, committed 3648K, reserved 1048576K
}
Event: 1.638 GC heap before
{Heap before GC invocations=6 (full 0):
 garbage-first heap   total 55296K, used 34301K [0x0000000704c00000, 0x0000000800000000)
  region size 2048K, 10 young (20480K), 1 survivors (2048K)
 Metaspace       used 26976K, committed 27392K, reserved 1114112K
  class space    used 3840K, committed 4032K, reserved 1048576K
}
Event: 1.642 GC heap after
{Heap after GC invocations=7 (full 0):
 garbage-first heap   total 55296K, used 16152K [0x0000000704c00000, 0x0000000800000000)
  region size 2048K, 1 young (2048K), 1 survivors (2048K)
 Metaspace       used 26976K, committed 27392K, reserved 1114112K
  class space    used 3840K, committed 4032K, reserved 1048576K
}
Event: 1.892 GC heap before
{Heap before GC invocations=7 (full 0):
 garbage-first heap   total 55296K, used 36632K [0x0000000704c00000, 0x0000000800000000)
  region size 2048K, 11 young (22528K), 1 survivors (2048K)
 Metaspace       used 29932K, committed 30400K, reserved 1114112K
  class space    used 4326K, committed 4544K, reserved 1048576K
}
Event: 1.898 GC heap after
{Heap after GC invocations=8 (full 0):
 garbage-first heap   total 157696K, used 18107K [0x0000000704c00000, 0x0000000800000000)
  region size 2048K, 2 young (4096K), 2 survivors (4096K)
 Metaspace       used 29932K, committed 30400K, reserved 1114112K
  class space    used 4326K, committed 4544K, reserved 1048576K
}
Event: 2.298 GC heap before
{Heap before GC invocations=8 (full 0):
 garbage-first heap   total 157696K, used 48827K [0x0000000704c00000, 0x0000000800000000)
  region size 2048K, 18 young (36864K), 2 survivors (4096K)
 Metaspace       used 35713K, committed 36160K, reserved 1114112K
  class space    used 5096K, committed 5312K, reserved 1048576K
}
Event: 2.302 GC heap after
{Heap after GC invocations=9 (full 0):
 garbage-first heap   total 157696K, used 20199K [0x0000000704c00000, 0x0000000800000000)
  region size 2048K, 3 young (6144K), 3 survivors (6144K)
 Metaspace       used 35713K, committed 36160K, reserved 1114112K
  class space    used 5096K, committed 5312K, reserved 1048576K
}
Event: 2.906 GC heap before
{Heap before GC invocations=10 (full 0):
 garbage-first heap   total 81920K, used 63207K [0x0000000704c00000, 0x0000000800000000)
  region size 2048K, 24 young (49152K), 3 survivors (6144K)
 Metaspace       used 46080K, committed 46592K, reserved 1114112K
  class space    used 6519K, committed 6784K, reserved 1048576K
}
Event: 2.911 GC heap after
{Heap after GC invocations=11 (full 0):
 garbage-first heap   total 81920K, used 23095K [0x0000000704c00000, 0x0000000800000000)
  region size 2048K, 3 young (6144K), 3 survivors (6144K)
 Metaspace       used 46080K, committed 46592K, reserved 1114112K
  class space    used 6519K, committed 6784K, reserved 1048576K
}
Event: 2.938 GC heap before
{Heap before GC invocations=11 (full 0):
 garbage-first heap   total 81920K, used 25143K [0x0000000704c00000, 0x0000000800000000)
  region size 2048K, 4 young (8192K), 3 survivors (6144K)
 Metaspace       used 46515K, committed 47040K, reserved 1114112K
  class space    used 6582K, committed 6848K, reserved 1048576K
}
Event: 2.942 GC heap after
{Heap after GC invocations=12 (full 0):
 garbage-first heap   total 81920K, used 23723K [0x0000000704c00000, 0x0000000800000000)
  region size 2048K, 1 young (2048K), 1 survivors (2048K)
 Metaspace       used 46515K, committed 47040K, reserved 1114112K
  class space    used 6582K, committed 6848K, reserved 1048576K
}
Event: 3.451 GC heap before
{Heap before GC invocations=12 (full 0):
 garbage-first heap   total 81920K, used 60587K [0x0000000704c00000, 0x0000000800000000)
  region size 2048K, 19 young (38912K), 1 survivors (2048K)
 Metaspace       used 55635K, committed 56256K, reserved 1114112K
  class space    used 8030K, committed 8320K, reserved 1048576K
}
Event: 3.453 GC heap after
{Heap after GC invocations=13 (full 0):
 garbage-first heap   total 81920K, used 24854K [0x0000000704c00000, 0x0000000800000000)
  region size 2048K, 1 young (2048K), 1 survivors (2048K)
 Metaspace       used 55635K, committed 56256K, reserved 1114112K
  class space    used 8030K, committed 8320K, reserved 1048576K
}
Event: 3.741 GC heap before
{Heap before GC invocations=13 (full 0):
 garbage-first heap   total 81920K, used 47382K [0x0000000704c00000, 0x0000000800000000)
  region size 2048K, 13 young (26624K), 1 survivors (2048K)
 Metaspace       used 59908K, committed 60480K, reserved 1114112K
  class space    used 8617K, committed 8896K, reserved 1048576K
}
Event: 3.744 GC heap after
{Heap after GC invocations=14 (full 0):
 garbage-first heap   total 81920K, used 26702K [0x0000000704c00000, 0x0000000800000000)
  region size 2048K, 2 young (4096K), 2 survivors (4096K)
 Metaspace       used 59908K, committed 60480K, reserved 1114112K
  class space    used 8617K, committed 8896K, reserved 1048576K
}
Event: 3.981 GC heap before
{Heap before GC invocations=15 (full 0):
 garbage-first heap   total 81920K, used 63566K [0x0000000704c00000, 0x0000000800000000)
  region size 2048K, 20 young (40960K), 2 survivors (4096K)
 Metaspace       used 63184K, committed 63808K, reserved 1114112K
  class space    used 9441K, committed 9728K, reserved 1048576K
}
Event: 3.984 GC heap after
{Heap after GC invocations=16 (full 0):
 garbage-first heap   total 120832K, used 29161K [0x0000000704c00000, 0x0000000800000000)
  region size 2048K, 3 young (6144K), 3 survivors (6144K)
 Metaspace       used 63184K, committed 63808K, reserved 1114112K
  class space    used 9441K, committed 9728K, reserved 1048576K
}
Event: 4.171 GC heap before
{Heap before GC invocations=16 (full 0):
 garbage-first heap   total 120832K, used 90601K [0x0000000704c00000, 0x0000000800000000)
  region size 2048K, 33 young (67584K), 3 survivors (6144K)
 Metaspace       used 64947K, committed 65536K, reserved 1114112K
  class space    used 9702K, committed 9984K, reserved 1048576K
}
Event: 4.175 GC heap after
{Heap after GC invocations=17 (full 0):
 garbage-first heap   total 120832K, used 30160K [0x0000000704c00000, 0x0000000800000000)
  region size 2048K, 3 young (6144K), 3 survivors (6144K)
 Metaspace       used 64947K, committed 65536K, reserved 1114112K
  class space    used 9702K, committed 9984K, reserved 1048576K
}

