# JRE version: Java(TM) SE Runtime Environment (17.0.12+8) (build 17.0.12+8-LTS-286)
# Java VM: Java HotSpot(TM) 64-Bit Server VM (17.0.12+8-LTS-286, mixed mode, emulated-client, sharing, tiered, compressed oops, compressed class ptrs, g1 gc, windows-amd64)
GC Precious Log:
 CPUs: 32 total, 32 available
 Memory: 16077M
 Large Page Support: Disabled
 NUMA Support: Disabled
 Compressed Oops: Enabled (Zero based)
 Heap Region Size: 2M
 Heap Min Capacity: 8M
 Heap Initial Capacity: 252M
 Heap Max Capacity: 4020M
 Pre-touch: Disabled
 Parallel Workers: 23
 Concurrent Workers: 6
 Concurrent Refinement Workers: 23
 Periodic GC: Disabled
Heap:
 garbage-first heap   total 120832K, used 36947K [0x0000000704c00000, 0x0000000800000000)
  region size 2048K, 7 young (14336K), 3 survivors (6144K)
 Metaspace       used 65405K, committed 65984K, reserved 1114112K
  class space    used 9765K, committed 10048K, reserved 1048576K
GC Heap History (20 events):
Event: 1.492 GC heap before
{Heap before GC invocations=5 (full 0):
 garbage-first heap   total 61440K, used 17725K [0x0000000704c00000, 0x0000000800000000)
  region size 2048K, 3 young (6144K), 2 survivors (4096K)
 Metaspace       used 24860K, committed 25344K, reserved 1114112K
  class space    used 3502K, committed 3712K, reserved 1048576K
}
Event: 1.496 GC heap after
{Heap after GC invocations=6 (full 0):
 garbage-first heap   total 61440K, used 15980K [0x0000000704c00000, 0x0000000800000000)
  region size 2048K, 1 young (2048K), 1 survivors (2048K)
 Metaspace       used 24860K, committed 25344K, reserved 1114112K
  class space    used 3502K, committed 3712K, reserved 1048576K
}
Event: 1.812 GC heap before
{Heap before GC invocations=6 (full 0):
 garbage-first heap   total 61440K, used 38508K [0x0000000704c00000, 0x0000000800000000)
  region size 2048K, 12 young (24576K), 1 survivors (2048K)
 Metaspace       used 27906K, committed 28352K, reserved 1114112K
  class space    used 3975K, committed 4160K, reserved 1048576K
}
Event: 1.820 GC heap after
{Heap after GC invocations=7 (full 0):
 garbage-first heap   total 61440K, used 17278K [0x0000000704c00000, 0x0000000800000000)
  region size 2048K, 1 young (2048K), 1 survivors (2048K)
 Metaspace       used 27906K, committed 28352K, reserved 1114112K
  class space    used 3975K, committed 4160K, reserved 1048576K
}
Event: 2.163 GC heap before
{Heap before GC invocations=7 (full 0):
 garbage-first heap   total 61440K, used 41854K [0x0000000704c00000, 0x0000000800000000)
  region size 2048K, 13 young (26624K), 1 survivors (2048K)
 Metaspace       used 31831K, committed 32384K, reserved 1114112K
  class space    used 4533K, committed 4800K, reserved 1048576K
}
Event: 2.170 GC heap after
{Heap after GC invocations=8 (full 0):
 garbage-first heap   total 159744K, used 19581K [0x0000000704c00000, 0x0000000800000000)
  region size 2048K, 2 young (4096K), 2 survivors (4096K)
 Metaspace       used 31831K, committed 32384K, reserved 1114112K
  class space    used 4533K, committed 4800K, reserved 1048576K
}
Event: 2.419 GC heap before
{Heap before GC invocations=8 (full 0):
 garbage-first heap   total 159744K, used 38013K [0x0000000704c00000, 0x0000000800000000)
  region size 2048K, 12 young (24576K), 2 survivors (4096K)
 Metaspace       used 35728K, committed 36160K, reserved 1114112K
  class space    used 5101K, committed 5312K, reserved 1048576K
}
Event: 2.423 GC heap after
{Heap after GC invocations=9 (full 0):
 garbage-first heap   total 159744K, used 20780K [0x0000000704c00000, 0x0000000800000000)
  region size 2048K, 3 young (6144K), 3 survivors (6144K)
 Metaspace       used 35728K, committed 36160K, reserved 1114112K
  class space    used 5101K, committed 5312K, reserved 1048576K
}
Event: 3.094 GC heap before
{Heap before GC invocations=10 (full 0):
 garbage-first heap   total 81920K, used 63788K [0x0000000704c00000, 0x0000000800000000)
  region size 2048K, 24 young (49152K), 3 survivors (6144K)
 Metaspace       used 46036K, committed 46528K, reserved 1114112K
  class space    used 6514K, committed 6784K, reserved 1048576K
}
Event: 3.099 GC heap after
{Heap after GC invocations=11 (full 0):
 garbage-first heap   total 81920K, used 24158K [0x0000000704c00000, 0x0000000800000000)
  region size 2048K, 3 young (6144K), 3 survivors (6144K)
 Metaspace       used 46036K, committed 46528K, reserved 1114112K
  class space    used 6514K, committed 6784K, reserved 1048576K
}
Event: 3.127 GC heap before
{Heap before GC invocations=11 (full 0):
 garbage-first heap   total 81920K, used 26206K [0x0000000704c00000, 0x0000000800000000)
  region size 2048K, 4 young (8192K), 3 survivors (6144K)
 Metaspace       used 46516K, committed 47104K, reserved 1114112K
  class space    used 6582K, committed 6848K, reserved 1048576K
}
Event: 3.130 GC heap after
{Heap after GC invocations=12 (full 0):
 garbage-first heap   total 81920K, used 24210K [0x0000000704c00000, 0x0000000800000000)
  region size 2048K, 1 young (2048K), 1 survivors (2048K)
 Metaspace       used 46516K, committed 47104K, reserved 1114112K
  class space    used 6582K, committed 6848K, reserved 1048576K
}
Event: 3.653 GC heap before
{Heap before GC invocations=12 (full 0):
 garbage-first heap   total 81920K, used 61074K [0x0000000704c00000, 0x0000000800000000)
  region size 2048K, 19 young (38912K), 1 survivors (2048K)
 Metaspace       used 55612K, committed 56128K, reserved 1114112K
  class space    used 8028K, committed 8256K, reserved 1048576K
}
Event: 3.655 GC heap after
{Heap after GC invocations=13 (full 0):
 garbage-first heap   total 81920K, used 25180K [0x0000000704c00000, 0x0000000800000000)
  region size 2048K, 1 young (2048K), 1 survivors (2048K)
 Metaspace       used 55612K, committed 56128K, reserved 1114112K
  class space    used 8028K, committed 8256K, reserved 1048576K
}
Event: 3.957 GC heap before
{Heap before GC invocations=13 (full 0):
 garbage-first heap   total 81920K, used 47708K [0x0000000704c00000, 0x0000000800000000)
  region size 2048K, 13 young (26624K), 1 survivors (2048K)
 Metaspace       used 59891K, committed 60416K, reserved 1114112K
  class space    used 8592K, committed 8832K, reserved 1048576K
}
Event: 3.960 GC heap after
{Heap after GC invocations=14 (full 0):
 garbage-first heap   total 81920K, used 27000K [0x0000000704c00000, 0x0000000800000000)
  region size 2048K, 2 young (4096K), 2 survivors (4096K)
 Metaspace       used 59891K, committed 60416K, reserved 1114112K
  class space    used 8592K, committed 8832K, reserved 1048576K
}
Event: 4.196 GC heap before
{Heap before GC invocations=15 (full 0):
 garbage-first heap   total 81920K, used 63864K [0x0000000704c00000, 0x0000000800000000)
  region size 2048K, 20 young (40960K), 2 survivors (4096K)
 Metaspace       used 62449K, committed 63040K, reserved 1114112K
  class space    used 9317K, committed 9600K, reserved 1048576K
}
Event: 4.201 GC heap after
{Heap after GC invocations=16 (full 0):
 garbage-first heap   total 120832K, used 29220K [0x0000000704c00000, 0x0000000800000000)
  region size 2048K, 3 young (6144K), 3 survivors (6144K)
 Metaspace       used 62449K, committed 63040K, reserved 1114112K
  class space    used 9317K, committed 9600K, reserved 1048576K
}
Event: 4.445 GC heap before
{Heap before GC invocations=16 (full 0):
 garbage-first heap   total 120832K, used 92708K [0x0000000704c00000, 0x0000000800000000)
  region size 2048K, 34 young (69632K), 3 survivors (6144K)
 Metaspace       used 64977K, committed 65600K, reserved 1114112K
  class space    used 9703K, committed 9984K, reserved 1048576K
}
Event: 4.449 GC heap after
{Heap after GC invocations=17 (full 0):
 garbage-first heap   total 120832K, used 30803K [0x0000000704c00000, 0x0000000800000000)
  region size 2048K, 3 young (6144K), 3 survivors (6144K)
 Metaspace       used 64977K, committed 65600K, reserved 1114112K
  class space    used 9703K, committed 9984K, reserved 1048576K
}

