# JRE version: Java(TM) SE Runtime Environment (17.0.12+8) (build 17.0.12+8-LTS-286)
# Java VM: Java HotSpot(TM) 64-Bit Server VM (17.0.12+8-LTS-286, mixed mode, emulated-client, sharing, tiered, compressed oops, compressed class ptrs, g1 gc, windows-amd64)
GC Precious Log:
 CPUs: 32 total, 32 available
 Memory: 16077M
 Large Page Support: Disabled
 NUMA Support: Disabled
 Compressed Oops: Enabled (Zero based)
 Heap Region Size: 2M
 Heap Min Capacity: 8M
 Heap Initial Capacity: 252M
 Heap Max Capacity: 4020M
 Pre-touch: Disabled
 Parallel Workers: 23
 Concurrent Workers: 6
 Concurrent Refinement Workers: 23
 Periodic GC: Disabled
Heap:
 garbage-first heap   total 126976K, used 37217K [0x0000000704c00000, 0x0000000800000000)
  region size 2048K, 7 young (14336K), 3 survivors (6144K)
 Metaspace       used 65382K, committed 65984K, reserved 1114112K
  class space    used 9757K, committed 10048K, reserved 1048576K
GC Heap History (20 events):
Event: 1.453 GC heap before
{Heap before GC invocations=4 (full 0):
 garbage-first heap   total 61440K, used 44430K [0x0000000704c00000, 0x0000000800000000)
  region size 2048K, 19 young (38912K), 3 survivors (6144K)
 Metaspace       used 24501K, committed 24896K, reserved 1114112K
  class space    used 3457K, committed 3648K, reserved 1048576K
}
Event: 1.458 GC heap after
{Heap after GC invocations=5 (full 0):
 garbage-first heap   total 61440K, used 15731K [0x0000000704c00000, 0x0000000800000000)
  region size 2048K, 4 young (8192K), 4 survivors (8192K)
 Metaspace       used 24501K, committed 24896K, reserved 1114112K
  class space    used 3457K, committed 3648K, reserved 1048576K
}
Event: 1.483 GC heap before
{Heap before GC invocations=5 (full 0):
 garbage-first heap   total 61440K, used 17779K [0x0000000704c00000, 0x0000000800000000)
  region size 2048K, 5 young (10240K), 4 survivors (8192K)
 Metaspace       used 24835K, committed 25280K, reserved 1114112K
  class space    used 3496K, committed 3712K, reserved 1048576K
}
Event: 1.489 GC heap after
{Heap after GC invocations=6 (full 0):
 garbage-first heap   total 61440K, used 16730K [0x0000000704c00000, 0x0000000800000000)
  region size 2048K, 1 young (2048K), 1 survivors (2048K)
 Metaspace       used 24835K, committed 25280K, reserved 1114112K
  class space    used 3496K, committed 3712K, reserved 1048576K
}
Event: 1.789 GC heap before
{Heap before GC invocations=6 (full 0):
 garbage-first heap   total 61440K, used 39258K [0x0000000704c00000, 0x0000000800000000)
  region size 2048K, 12 young (24576K), 1 survivors (2048K)
 Metaspace       used 27791K, committed 28224K, reserved 1114112K
  class space    used 3956K, committed 4160K, reserved 1048576K
}
Event: 1.794 GC heap after
{Heap after GC invocations=7 (full 0):
 garbage-first heap   total 159744K, used 17352K [0x0000000704c00000, 0x0000000800000000)
  region size 2048K, 1 young (2048K), 1 survivors (2048K)
 Metaspace       used 27791K, committed 28224K, reserved 1114112K
  class space    used 3956K, committed 4160K, reserved 1048576K
}
Event: 2.410 GC heap before
{Heap before GC invocations=7 (full 0):
 garbage-first heap   total 159744K, used 62408K [0x0000000704c00000, 0x0000000800000000)
  region size 2048K, 24 young (49152K), 1 survivors (2048K)
 Metaspace       used 35589K, committed 36096K, reserved 1114112K
  class space    used 5061K, committed 5312K, reserved 1048576K
}
Event: 2.414 GC heap after
{Heap after GC invocations=8 (full 0):
 garbage-first heap   total 159744K, used 20806K [0x0000000704c00000, 0x0000000800000000)
  region size 2048K, 3 young (6144K), 3 survivors (6144K)
 Metaspace       used 35589K, committed 36096K, reserved 1114112K
  class space    used 5061K, committed 5312K, reserved 1048576K
}
Event: 3.025 GC heap before
{Heap before GC invocations=9 (full 0):
 garbage-first heap   total 81920K, used 63814K [0x0000000704c00000, 0x0000000800000000)
  region size 2048K, 24 young (49152K), 3 survivors (6144K)
 Metaspace       used 45695K, committed 46272K, reserved 1114112K
  class space    used 6483K, committed 6784K, reserved 1048576K
}
Event: 3.028 GC heap after
{Heap after GC invocations=10 (full 0):
 garbage-first heap   total 81920K, used 23920K [0x0000000704c00000, 0x0000000800000000)
  region size 2048K, 2 young (4096K), 2 survivors (4096K)
 Metaspace       used 45695K, committed 46272K, reserved 1114112K
  class space    used 6483K, committed 6784K, reserved 1048576K
}
Event: 3.050 GC heap before
{Heap before GC invocations=10 (full 0):
 garbage-first heap   total 81920K, used 23920K [0x0000000704c00000, 0x0000000800000000)
  region size 2048K, 3 young (6144K), 2 survivors (4096K)
 Metaspace       used 46130K, committed 46656K, reserved 1114112K
  class space    used 6523K, committed 6784K, reserved 1048576K
}
Event: 3.053 GC heap after
{Heap after GC invocations=11 (full 0):
 garbage-first heap   total 81920K, used 24133K [0x0000000704c00000, 0x0000000800000000)
  region size 2048K, 1 young (2048K), 1 survivors (2048K)
 Metaspace       used 46130K, committed 46656K, reserved 1114112K
  class space    used 6523K, committed 6784K, reserved 1048576K
}
Event: 3.544 GC heap before
{Heap before GC invocations=11 (full 0):
 garbage-first heap   total 81920K, used 58949K [0x0000000704c00000, 0x0000000800000000)
  region size 2048K, 18 young (36864K), 1 survivors (2048K)
 Metaspace       used 54681K, committed 55296K, reserved 1114112K
  class space    used 7875K, committed 8192K, reserved 1048576K
}
Event: 3.547 GC heap after
{Heap after GC invocations=12 (full 0):
 garbage-first heap   total 81920K, used 25380K [0x0000000704c00000, 0x0000000800000000)
  region size 2048K, 1 young (2048K), 1 survivors (2048K)
 Metaspace       used 54681K, committed 55296K, reserved 1114112K
  class space    used 7875K, committed 8192K, reserved 1048576K
}
Event: 3.944 GC heap before
{Heap before GC invocations=12 (full 0):
 garbage-first heap   total 81920K, used 52004K [0x0000000704c00000, 0x0000000800000000)
  region size 2048K, 15 young (30720K), 1 survivors (2048K)
 Metaspace       used 59781K, committed 60288K, reserved 1114112K
  class space    used 8578K, committed 8832K, reserved 1048576K
}
Event: 3.948 GC heap after
{Heap after GC invocations=13 (full 0):
 garbage-first heap   total 81920K, used 27411K [0x0000000704c00000, 0x0000000800000000)
  region size 2048K, 2 young (4096K), 2 survivors (4096K)
 Metaspace       used 59781K, committed 60288K, reserved 1114112K
  class space    used 8578K, committed 8832K, reserved 1048576K
}
Event: 4.193 GC heap before
{Heap before GC invocations=14 (full 0):
 garbage-first heap   total 81920K, used 60179K [0x0000000704c00000, 0x0000000800000000)
  region size 2048K, 19 young (38912K), 2 survivors (4096K)
 Metaspace       used 63162K, committed 63744K, reserved 1114112K
  class space    used 9428K, committed 9728K, reserved 1048576K
}
Event: 4.198 GC heap after
{Heap after GC invocations=15 (full 0):
 garbage-first heap   total 126976K, used 29850K [0x0000000704c00000, 0x0000000800000000)
  region size 2048K, 3 young (6144K), 3 survivors (6144K)
 Metaspace       used 63162K, committed 63744K, reserved 1114112K
  class space    used 9428K, committed 9728K, reserved 1048576K
}
Event: 4.398 GC heap before
{Heap before GC invocations=15 (full 0):
 garbage-first heap   total 126976K, used 95386K [0x0000000704c00000, 0x0000000800000000)
  region size 2048K, 35 young (71680K), 3 survivors (6144K)
 Metaspace       used 64954K, committed 65600K, reserved 1114112K
  class space    used 9694K, committed 9984K, reserved 1048576K
}
Event: 4.401 GC heap after
{Heap after GC invocations=16 (full 0):
 garbage-first heap   total 126976K, used 31073K [0x0000000704c00000, 0x0000000800000000)
  region size 2048K, 3 young (6144K), 3 survivors (6144K)
 Metaspace       used 64954K, committed 65600K, reserved 1114112K
  class space    used 9694K, committed 9984K, reserved 1048576K
}

