# JRE version: Java(TM) SE Runtime Environment (17.0.12+8) (build 17.0.12+8-LTS-286)
# Java VM: Java HotSpot(TM) 64-Bit Server VM (17.0.12+8-LTS-286, mixed mode, emulated-client, sharing, tiered, compressed oops, compressed class ptrs, g1 gc, windows-amd64)
GC Precious Log:
 CPUs: 32 total, 32 available
 Memory: 16077M
 Large Page Support: Disabled
 NUMA Support: Disabled
 Compressed Oops: Enabled (Zero based)
 Heap Region Size: 2M
 Heap Min Capacity: 8M
 Heap Initial Capacity: 252M
 Heap Max Capacity: 4020M
 Pre-touch: Disabled
 Parallel Workers: 23
 Concurrent Workers: 6
 Concurrent Refinement Workers: 23
 Periodic GC: Disabled
Heap:
 garbage-first heap   total 116736K, used 43265K [0x0000000704c00000, 0x0000000800000000)
  region size 2048K, 9 young (18432K), 2 survivors (4096K)
 Metaspace       used 65394K, committed 65984K, reserved 1114112K
  class space    used 9765K, committed 10048K, reserved 1048576K
GC Heap History (20 events):
Event: 1.351 GC heap before
{Heap before GC invocations=4 (full 0):
 garbage-first heap   total 55296K, used 38048K [0x0000000704c00000, 0x0000000800000000)
  region size 2048K, 16 young (32768K), 3 survivors (6144K)
 Metaspace       used 24030K, committed 24384K, reserved 1114112K
  class space    used 3397K, committed 3584K, reserved 1048576K
}
Event: 1.357 GC heap after
{Heap after GC invocations=5 (full 0):
 garbage-first heap   total 55296K, used 15299K [0x0000000704c00000, 0x0000000800000000)
  region size 2048K, 4 young (8192K), 4 survivors (8192K)
 Metaspace       used 24030K, committed 24384K, reserved 1114112K
  class space    used 3397K, committed 3584K, reserved 1048576K
}
Event: 1.408 GC heap before
{Heap before GC invocations=5 (full 0):
 garbage-first heap   total 55296K, used 17347K [0x0000000704c00000, 0x0000000800000000)
  region size 2048K, 5 young (10240K), 4 survivors (8192K)
 Metaspace       used 24328K, committed 24704K, reserved 1114112K
  class space    used 3442K, committed 3648K, reserved 1048576K
}
Event: 1.419 GC heap after
{Heap after GC invocations=6 (full 0):
 garbage-first heap   total 55296K, used 15930K [0x0000000704c00000, 0x0000000800000000)
  region size 2048K, 1 young (2048K), 1 survivors (2048K)
 Metaspace       used 24328K, committed 24704K, reserved 1114112K
  class space    used 3442K, committed 3648K, reserved 1048576K
}
Event: 1.734 GC heap before
{Heap before GC invocations=6 (full 0):
 garbage-first heap   total 55296K, used 34362K [0x0000000704c00000, 0x0000000800000000)
  region size 2048K, 10 young (20480K), 1 survivors (2048K)
 Metaspace       used 26798K, committed 27200K, reserved 1114112K
  class space    used 3818K, committed 4032K, reserved 1048576K
}
Event: 1.737 GC heap after
{Heap after GC invocations=7 (full 0):
 garbage-first heap   total 157696K, used 16187K [0x0000000704c00000, 0x0000000800000000)
  region size 2048K, 1 young (2048K), 1 survivors (2048K)
 Metaspace       used 26798K, committed 27200K, reserved 1114112K
  class space    used 3818K, committed 4032K, reserved 1048576K
}
Event: 2.479 GC heap before
{Heap before GC invocations=7 (full 0):
 garbage-first heap   total 157696K, used 67387K [0x0000000704c00000, 0x0000000800000000)
  region size 2048K, 27 young (55296K), 1 survivors (2048K)
 Metaspace       used 35696K, committed 36160K, reserved 1114112K
  class space    used 5093K, committed 5312K, reserved 1048576K
}
Event: 2.483 GC heap after
{Heap after GC invocations=8 (full 0):
 garbage-first heap   total 157696K, used 20094K [0x0000000704c00000, 0x0000000800000000)
  region size 2048K, 3 young (6144K), 3 survivors (6144K)
 Metaspace       used 35696K, committed 36160K, reserved 1114112K
  class space    used 5093K, committed 5312K, reserved 1048576K
}
Event: 3.133 GC heap before
{Heap before GC invocations=9 (full 0):
 garbage-first heap   total 81920K, used 63102K [0x0000000704c00000, 0x0000000800000000)
  region size 2048K, 24 young (49152K), 3 survivors (6144K)
 Metaspace       used 45855K, committed 46400K, reserved 1114112K
  class space    used 6504K, committed 6784K, reserved 1048576K
}
Event: 3.138 GC heap after
{Heap after GC invocations=10 (full 0):
 garbage-first heap   total 81920K, used 23521K [0x0000000704c00000, 0x0000000800000000)
  region size 2048K, 2 young (4096K), 2 survivors (4096K)
 Metaspace       used 45855K, committed 46400K, reserved 1114112K
  class space    used 6504K, committed 6784K, reserved 1048576K
}
Event: 3.175 GC heap before
{Heap before GC invocations=10 (full 0):
 garbage-first heap   total 81920K, used 25569K [0x0000000704c00000, 0x0000000800000000)
  region size 2048K, 3 young (6144K), 2 survivors (4096K)
 Metaspace       used 46430K, committed 46976K, reserved 1114112K
  class space    used 6571K, committed 6848K, reserved 1048576K
}
Event: 3.178 GC heap after
{Heap after GC invocations=11 (full 0):
 garbage-first heap   total 81920K, used 24099K [0x0000000704c00000, 0x0000000800000000)
  region size 2048K, 1 young (2048K), 1 survivors (2048K)
 Metaspace       used 46430K, committed 46976K, reserved 1114112K
  class space    used 6571K, committed 6848K, reserved 1048576K
}
Event: 3.683 GC heap before
{Heap before GC invocations=11 (full 0):
 garbage-first heap   total 81920K, used 56867K [0x0000000704c00000, 0x0000000800000000)
  region size 2048K, 18 young (36864K), 1 survivors (2048K)
 Metaspace       used 54957K, committed 55552K, reserved 1114112K
  class space    used 7928K, committed 8192K, reserved 1048576K
}
Event: 3.685 GC heap after
{Heap after GC invocations=12 (full 0):
 garbage-first heap   total 81920K, used 25154K [0x0000000704c00000, 0x0000000800000000)
  region size 2048K, 1 young (2048K), 1 survivors (2048K)
 Metaspace       used 54957K, committed 55552K, reserved 1114112K
  class space    used 7928K, committed 8192K, reserved 1048576K
}
Event: 4.088 GC heap before
{Heap before GC invocations=12 (full 0):
 garbage-first heap   total 81920K, used 49730K [0x0000000704c00000, 0x0000000800000000)
  region size 2048K, 14 young (28672K), 1 survivors (2048K)
 Metaspace       used 59966K, committed 60480K, reserved 1114112K
  class space    used 8617K, committed 8832K, reserved 1048576K
}
Event: 4.091 GC heap after
{Heap after GC invocations=13 (full 0):
 garbage-first heap   total 81920K, used 27126K [0x0000000704c00000, 0x0000000800000000)
  region size 2048K, 2 young (4096K), 2 survivors (4096K)
 Metaspace       used 59966K, committed 60480K, reserved 1114112K
  class space    used 8617K, committed 8832K, reserved 1048576K
}
Event: 4.320 GC heap before
{Heap before GC invocations=14 (full 0):
 garbage-first heap   total 81920K, used 59894K [0x0000000704c00000, 0x0000000800000000)
  region size 2048K, 19 young (38912K), 2 survivors (4096K)
 Metaspace       used 63037K, committed 63616K, reserved 1114112K
  class space    used 9405K, committed 9664K, reserved 1048576K
}
Event: 4.323 GC heap after
{Heap after GC invocations=15 (full 0):
 garbage-first heap   total 116736K, used 29723K [0x0000000704c00000, 0x0000000800000000)
  region size 2048K, 3 young (6144K), 3 survivors (6144K)
 Metaspace       used 63037K, committed 63616K, reserved 1114112K
  class space    used 9405K, committed 9664K, reserved 1048576K
}
Event: 4.528 GC heap before
{Heap before GC invocations=15 (full 0):
 garbage-first heap   total 116736K, used 89115K [0x0000000704c00000, 0x0000000800000000)
  region size 2048K, 32 young (65536K), 3 survivors (6144K)
 Metaspace       used 64946K, committed 65536K, reserved 1114112K
  class space    used 9698K, committed 9984K, reserved 1048576K
}
Event: 4.532 GC heap after
{Heap after GC invocations=16 (full 0):
 garbage-first heap   total 116736K, used 30977K [0x0000000704c00000, 0x0000000800000000)
  region size 2048K, 2 young (4096K), 2 survivors (4096K)
 Metaspace       used 64946K, committed 65536K, reserved 1114112K
  class space    used 9698K, committed 9984K, reserved 1048576K
}

